{
  "RSpec": {
    "coverage": {
      "/Users/siripoom.l/Desktop/ci/spec/consecutive_int_spec.rb": {
        "lines": [
          1,
          null,
          1,
          1,
          1,
          2,
          null,
          1,
          1,
          1,
          null,
          1,
          1,
          1,
          null,
          1,
          1,
          1,
          null,
          1,
          1,
          1,
          null,
          1,
          1,
          1,
          null,
          null
        ]
      },
      "/Users/siripoom.l/Desktop/ci/consecutive_int.rb": {
        "lines": [
          1,
          1,
          7,
          7,
          null,
          1,
          7,
          6,
          5,
          4,
          16,
          null,
          3,
          null,
          null,
          null,
          null,
          1,
          1
        ]
      }
    },
    "timestamp": 1700625340
  }
}
